<?xml version="1.0" encoding="UTF-8"?>
<testsuite name="com.project.mngsystem.web.controller.EmployeeIntegrationTest" tests="4" skipped="0" failures="0" errors="0" timestamp="2024-08-27T17:41:52" hostname="SAIGUDEN" time="0.524">
  <properties/>
  <testcase name="testDeleteEmployee()" classname="com.project.mngsystem.web.controller.EmployeeIntegrationTest" time="0.416"/>
  <testcase name="testExportEmployeesToCSV()" classname="com.project.mngsystem.web.controller.EmployeeIntegrationTest" time="0.048"/>
  <testcase name="testCreateEmployee()" classname="com.project.mngsystem.web.controller.EmployeeIntegrationTest" time="0.029"/>
  <testcase name="testGetAllEmployees()" classname="com.project.mngsystem.web.controller.EmployeeIntegrationTest" time="0.027"/>
  <system-out><![CDATA[2024-08-27T20:41:51.752+03:00  INFO 9452 --- [mngsystem] [    Test worker] t.c.s.AnnotationConfigContextLoaderUtils : Could not detect default configuration classes for test class [com.project.mngsystem.web.controller.EmployeeIntegrationTest]: EmployeeIntegrationTest does not declare any static, non-private, non-final, nested classes annotated with @Configuration.
2024-08-27T20:41:51.768+03:00  INFO 9452 --- [mngsystem] [    Test worker] .b.t.c.SpringBootTestContextBootstrapper : Found @SpringBootConfiguration com.project.mngsystem.MngsystemApplication for test class com.project.mngsystem.web.controller.EmployeeIntegrationTest

  .   ____          _            __ _ _
 /\\ / ___'_ __ _ _(_)_ __  __ _ \ \ \ \
( ( )\___ | '_ | '_| | '_ \/ _` | \ \ \ \
 \\/  ___)| |_)| | | | | || (_| |  ) ) ) )
  '  |____| .__|_| |_|_| |_\__, | / / / /
 =========|_|==============|___/=/_/_/_/

 :: Spring Boot ::                (v3.3.3)

2024-08-27T20:41:51.793+03:00  INFO 9452 --- [mngsystem] [    Test worker] c.p.m.w.c.EmployeeIntegrationTest        : Starting EmployeeIntegrationTest using Java 17.0.10 with PID 9452 (started by nefer in C:\Users\nefer\IdeaProjects\Employees-Management-System\mngsystem)
2024-08-27T20:41:51.793+03:00  INFO 9452 --- [mngsystem] [    Test worker] c.p.m.w.c.EmployeeIntegrationTest        : No active profile set, falling back to 1 default profile: "default"
2024-08-27T20:41:51.941+03:00  INFO 9452 --- [mngsystem] [    Test worker] .s.d.r.c.RepositoryConfigurationDelegate : Bootstrapping Spring Data JPA repositories in DEFAULT mode.
2024-08-27T20:41:51.952+03:00  INFO 9452 --- [mngsystem] [    Test worker] .s.d.r.c.RepositoryConfigurationDelegate : Finished Spring Data repository scanning in 9 ms. Found 1 JPA repository interface.
2024-08-27T20:41:52.038+03:00  INFO 9452 --- [mngsystem] [    Test worker] com.zaxxer.hikari.HikariDataSource       : HikariPool-2 - Starting...
2024-08-27T20:41:52.088+03:00  INFO 9452 --- [mngsystem] [    Test worker] com.zaxxer.hikari.pool.HikariPool        : HikariPool-2 - Added connection oracle.jdbc.driver.T4CConnection@4d7ddf28
2024-08-27T20:41:52.095+03:00  INFO 9452 --- [mngsystem] [    Test worker] com.zaxxer.hikari.HikariDataSource       : HikariPool-2 - Start completed.
2024-08-27T20:41:52.097+03:00  INFO 9452 --- [mngsystem] [    Test worker] o.hibernate.jpa.internal.util.LogHelper  : HHH000204: Processing PersistenceUnitInfo [name: default]
2024-08-27T20:41:52.100+03:00  INFO 9452 --- [mngsystem] [    Test worker] o.h.c.internal.RegionFactoryInitiator    : HHH000026: Second-level cache disabled
2024-08-27T20:41:52.111+03:00  INFO 9452 --- [mngsystem] [    Test worker] o.s.o.j.p.SpringPersistenceUnitInfo      : No LoadTimeWeaver setup: ignoring JPA class transformer
2024-08-27T20:41:52.114+03:00  WARN 9452 --- [mngsystem] [    Test worker] org.hibernate.orm.deprecation            : HHH90000025: OracleDialect does not need to be specified explicitly using 'hibernate.dialect' (remove the property setting and it will be selected by default)
2024-08-27T20:41:52.153+03:00  INFO 9452 --- [mngsystem] [    Test worker] o.h.e.t.j.p.i.JtaPlatformInitiator       : HHH000489: No JTA platform available (set 'hibernate.transaction.jta.platform' to enable JTA platform integration)
2024-08-27T20:41:52.153+03:00  INFO 9452 --- [mngsystem] [    Test worker] j.LocalContainerEntityManagerFactoryBean : Initialized JPA EntityManagerFactory for persistence unit 'default'
2024-08-27T20:41:52.218+03:00  WARN 9452 --- [mngsystem] [    Test worker] JpaBaseConfiguration$JpaWebConfiguration : spring.jpa.open-in-view is enabled by default. Therefore, database queries may be performed during view rendering. Explicitly configure spring.jpa.open-in-view to disable this warning
2024-08-27T20:41:52.325+03:00  INFO 9452 --- [mngsystem] [    Test worker] o.s.b.t.m.w.SpringBootMockServletContext : Initializing Spring TestDispatcherServlet ''
2024-08-27T20:41:52.325+03:00  INFO 9452 --- [mngsystem] [    Test worker] o.s.t.web.servlet.TestDispatcherServlet  : Initializing Servlet ''
2024-08-27T20:41:52.326+03:00  INFO 9452 --- [mngsystem] [    Test worker] o.s.t.web.servlet.TestDispatcherServlet  : Completed initialization in 1 ms
2024-08-27T20:41:52.332+03:00  INFO 9452 --- [mngsystem] [    Test worker] c.p.m.w.c.EmployeeIntegrationTest        : Started EmployeeIntegrationTest in 0.56 seconds (process running for 8.625)
2024-08-27T20:41:52.744+03:00  INFO 9452 --- [mngsystem] [    Test worker] c.p.m.b.s.impl.EmployeeServiceImpl       : Employee with ID: 231 successfully deleted.
2024-08-27T20:41:52.744+03:00  INFO 9452 --- [mngsystem] [    Test worker] c.p.m.web.controller.EmployeeController  : Employee with ID: 231 deleted successfully
2024-08-27T20:41:52.767+03:00  INFO 9452 --- [mngsystem] [    Test worker] c.p.m.web.controller.EmployeeController  : Exporting employees to CSV file with department: Space and who joined after: 2021-01-01
2024-08-27T20:41:52.797+03:00  INFO 9452 --- [mngsystem] [    Test worker] c.p.m.b.s.impl.EmployeeServiceImpl       : Successfully exported 1 employees to employees.csv
2024-08-27T20:41:52.797+03:00  INFO 9452 --- [mngsystem] [    Test worker] c.p.m.web.controller.EmployeeController  : Data exported to employees.csv
2024-08-27T20:41:52.819+03:00  INFO 9452 --- [mngsystem] [    Test worker] c.p.m.web.controller.EmployeeController  : Creating new employee: Employee(id=null, name=John Doe, department=Engineering, joinDate=2022-01-01)
2024-08-27T20:41:52.822+03:00  INFO 9452 --- [mngsystem] [    Test worker] c.p.m.web.controller.EmployeeController  : New employee created with ID: 233
2024-08-27T20:41:52.843+03:00  INFO 9452 --- [mngsystem] [    Test worker] c.p.m.web.controller.EmployeeController  : Fetching employees with department: null and year: null
2024-08-27T20:41:52.846+03:00  INFO 9452 --- [mngsystem] [    Test worker] c.p.m.web.controller.EmployeeController  : Fetched 2 employees
]]></system-out>
  <system-err><![CDATA[]]></system-err>
</testsuite>
