<?xml version="1.0" encoding="UTF-8"?>
<testsuite name="com.project.mngsystem.web.controller.EmployeeIntegrationTest" tests="4" skipped="0" failures="0" errors="0" timestamp="2024-08-27T12:15:16" hostname="SAIGUDEN" time="0.501">
  <properties/>
  <testcase name="testDeleteEmployee()" classname="com.project.mngsystem.web.controller.EmployeeIntegrationTest" time="0.401"/>
  <testcase name="testExportEmployeesToCSV()" classname="com.project.mngsystem.web.controller.EmployeeIntegrationTest" time="0.044"/>
  <testcase name="testCreateEmployee()" classname="com.project.mngsystem.web.controller.EmployeeIntegrationTest" time="0.029"/>
  <testcase name="testGetAllEmployees()" classname="com.project.mngsystem.web.controller.EmployeeIntegrationTest" time="0.024"/>
  <system-out><![CDATA[2024-08-27T15:15:15.706+03:00  INFO 26840 --- [mngsystem] [    Test worker] t.c.s.AnnotationConfigContextLoaderUtils : Could not detect default configuration classes for test class [com.project.mngsystem.web.controller.EmployeeIntegrationTest]: EmployeeIntegrationTest does not declare any static, non-private, non-final, nested classes annotated with @Configuration.
2024-08-27T15:15:15.725+03:00  INFO 26840 --- [mngsystem] [    Test worker] .b.t.c.SpringBootTestContextBootstrapper : Found @SpringBootConfiguration com.project.mngsystem.MngsystemApplication for test class com.project.mngsystem.web.controller.EmployeeIntegrationTest

  .   ____          _            __ _ _
 /\\ / ___'_ __ _ _(_)_ __  __ _ \ \ \ \
( ( )\___ | '_ | '_| | '_ \/ _` | \ \ \ \
 \\/  ___)| |_)| | | | | || (_| |  ) ) ) )
  '  |____| .__|_| |_|_| |_\__, | / / / /
 =========|_|==============|___/=/_/_/_/

 :: Spring Boot ::                (v3.3.3)

2024-08-27T15:15:15.753+03:00  INFO 26840 --- [mngsystem] [    Test worker] c.p.m.w.c.EmployeeIntegrationTest        : Starting EmployeeIntegrationTest using Java 17.0.10 with PID 26840 (started by nefer in C:\Users\nefer\IdeaProjects\mngsystem)
2024-08-27T15:15:15.753+03:00  INFO 26840 --- [mngsystem] [    Test worker] c.p.m.w.c.EmployeeIntegrationTest        : No active profile set, falling back to 1 default profile: "default"
2024-08-27T15:15:15.896+03:00  INFO 26840 --- [mngsystem] [    Test worker] .s.d.r.c.RepositoryConfigurationDelegate : Bootstrapping Spring Data JPA repositories in DEFAULT mode.
2024-08-27T15:15:15.906+03:00  INFO 26840 --- [mngsystem] [    Test worker] .s.d.r.c.RepositoryConfigurationDelegate : Finished Spring Data repository scanning in 9 ms. Found 1 JPA repository interface.
2024-08-27T15:15:15.996+03:00  INFO 26840 --- [mngsystem] [    Test worker] com.zaxxer.hikari.HikariDataSource       : HikariPool-2 - Starting...
2024-08-27T15:15:16.055+03:00  INFO 26840 --- [mngsystem] [    Test worker] com.zaxxer.hikari.pool.HikariPool        : HikariPool-2 - Added connection oracle.jdbc.driver.T4CConnection@46e3896e
2024-08-27T15:15:16.056+03:00  INFO 26840 --- [mngsystem] [    Test worker] com.zaxxer.hikari.HikariDataSource       : HikariPool-2 - Start completed.
2024-08-27T15:15:16.057+03:00  INFO 26840 --- [mngsystem] [    Test worker] o.hibernate.jpa.internal.util.LogHelper  : HHH000204: Processing PersistenceUnitInfo [name: default]
2024-08-27T15:15:16.062+03:00  INFO 26840 --- [mngsystem] [    Test worker] o.h.c.internal.RegionFactoryInitiator    : HHH000026: Second-level cache disabled
2024-08-27T15:15:16.075+03:00  INFO 26840 --- [mngsystem] [    Test worker] o.s.o.j.p.SpringPersistenceUnitInfo      : No LoadTimeWeaver setup: ignoring JPA class transformer
2024-08-27T15:15:16.078+03:00  WARN 26840 --- [mngsystem] [    Test worker] org.hibernate.orm.deprecation            : HHH90000025: OracleDialect does not need to be specified explicitly using 'hibernate.dialect' (remove the property setting and it will be selected by default)
2024-08-27T15:15:16.115+03:00  INFO 26840 --- [mngsystem] [    Test worker] o.h.e.t.j.p.i.JtaPlatformInitiator       : HHH000489: No JTA platform available (set 'hibernate.transaction.jta.platform' to enable JTA platform integration)
2024-08-27T15:15:16.116+03:00  INFO 26840 --- [mngsystem] [    Test worker] j.LocalContainerEntityManagerFactoryBean : Initialized JPA EntityManagerFactory for persistence unit 'default'
2024-08-27T15:15:16.181+03:00  WARN 26840 --- [mngsystem] [    Test worker] JpaBaseConfiguration$JpaWebConfiguration : spring.jpa.open-in-view is enabled by default. Therefore, database queries may be performed during view rendering. Explicitly configure spring.jpa.open-in-view to disable this warning
2024-08-27T15:15:16.291+03:00  INFO 26840 --- [mngsystem] [    Test worker] o.s.b.t.m.w.SpringBootMockServletContext : Initializing Spring TestDispatcherServlet ''
2024-08-27T15:15:16.292+03:00  INFO 26840 --- [mngsystem] [    Test worker] o.s.t.web.servlet.TestDispatcherServlet  : Initializing Servlet ''
2024-08-27T15:15:16.293+03:00  INFO 26840 --- [mngsystem] [    Test worker] o.s.t.web.servlet.TestDispatcherServlet  : Completed initialization in 1 ms
2024-08-27T15:15:16.299+03:00  INFO 26840 --- [mngsystem] [    Test worker] c.p.m.w.c.EmployeeIntegrationTest        : Started EmployeeIntegrationTest in 0.571 seconds (process running for 8.097)
]]></system-out>
  <system-err><![CDATA[]]></system-err>
</testsuite>
