<?xml version="1.0" encoding="UTF-8"?>
<testsuite name="com.project.mngsystem.web.controller.EmployeeControllerTest" tests="7" skipped="0" failures="0" errors="0" timestamp="2024-08-27T12:15:15" hostname="SAIGUDEN" time="0.452">
  <properties/>
  <testcase name="testDeleteEmployee()" classname="com.project.mngsystem.web.controller.EmployeeControllerTest" time="0.178"/>
  <testcase name="testCreateEmployee_InternalServerError()" classname="com.project.mngsystem.web.controller.EmployeeControllerTest" time="0.132"/>
  <testcase name="testExportEmployeesToCSV()" classname="com.project.mngsystem.web.controller.EmployeeControllerTest" time="0.013"/>
  <testcase name="testGetEmployees()" classname="com.project.mngsystem.web.controller.EmployeeControllerTest" time="0.098"/>
  <testcase name="testExportEmployeesToCSVError()" classname="com.project.mngsystem.web.controller.EmployeeControllerTest" time="0.01"/>
  <testcase name="testCreateEmployee()" classname="com.project.mngsystem.web.controller.EmployeeControllerTest" time="0.009"/>
  <testcase name="testDeleteEmployee_NotFound()" classname="com.project.mngsystem.web.controller.EmployeeControllerTest" time="0.01"/>
  <system-out><![CDATA[2024-08-27T15:15:15.315+03:00  INFO 26840 --- [mngsystem] [    Test worker] o.s.mock.web.MockServletContext          : Initializing Spring TestDispatcherServlet ''
2024-08-27T15:15:15.316+03:00  INFO 26840 --- [mngsystem] [    Test worker] o.s.t.web.servlet.TestDispatcherServlet  : Initializing Servlet ''
2024-08-27T15:15:15.317+03:00  INFO 26840 --- [mngsystem] [    Test worker] o.s.t.web.servlet.TestDispatcherServlet  : Completed initialization in 1 ms
2024-08-27T15:15:15.437+03:00  INFO 26840 --- [mngsystem] [    Test worker] o.s.mock.web.MockServletContext          : Initializing Spring TestDispatcherServlet ''
2024-08-27T15:15:15.437+03:00  INFO 26840 --- [mngsystem] [    Test worker] o.s.t.web.servlet.TestDispatcherServlet  : Initializing Servlet ''
2024-08-27T15:15:15.437+03:00  INFO 26840 --- [mngsystem] [    Test worker] o.s.t.web.servlet.TestDispatcherServlet  : Completed initialization in 0 ms
2024-08-27T15:15:15.569+03:00  INFO 26840 --- [mngsystem] [    Test worker] o.s.mock.web.MockServletContext          : Initializing Spring TestDispatcherServlet ''
2024-08-27T15:15:15.570+03:00  INFO 26840 --- [mngsystem] [    Test worker] o.s.t.web.servlet.TestDispatcherServlet  : Initializing Servlet ''
2024-08-27T15:15:15.570+03:00  INFO 26840 --- [mngsystem] [    Test worker] o.s.t.web.servlet.TestDispatcherServlet  : Completed initialization in 0 ms
2024-08-27T15:15:15.582+03:00  INFO 26840 --- [mngsystem] [    Test worker] o.s.mock.web.MockServletContext          : Initializing Spring TestDispatcherServlet ''
2024-08-27T15:15:15.582+03:00  INFO 26840 --- [mngsystem] [    Test worker] o.s.t.web.servlet.TestDispatcherServlet  : Initializing Servlet ''
2024-08-27T15:15:15.583+03:00  INFO 26840 --- [mngsystem] [    Test worker] o.s.t.web.servlet.TestDispatcherServlet  : Completed initialization in 1 ms
2024-08-27T15:15:15.680+03:00  INFO 26840 --- [mngsystem] [    Test worker] o.s.mock.web.MockServletContext          : Initializing Spring TestDispatcherServlet ''
2024-08-27T15:15:15.681+03:00  INFO 26840 --- [mngsystem] [    Test worker] o.s.t.web.servlet.TestDispatcherServlet  : Initializing Servlet ''
2024-08-27T15:15:15.681+03:00  INFO 26840 --- [mngsystem] [    Test worker] o.s.t.web.servlet.TestDispatcherServlet  : Completed initialization in 0 ms
2024-08-27T15:15:15.690+03:00  INFO 26840 --- [mngsystem] [    Test worker] o.s.mock.web.MockServletContext          : Initializing Spring TestDispatcherServlet ''
2024-08-27T15:15:15.690+03:00  INFO 26840 --- [mngsystem] [    Test worker] o.s.t.web.servlet.TestDispatcherServlet  : Initializing Servlet ''
2024-08-27T15:15:15.691+03:00  INFO 26840 --- [mngsystem] [    Test worker] o.s.t.web.servlet.TestDispatcherServlet  : Completed initialization in 1 ms
2024-08-27T15:15:15.699+03:00  INFO 26840 --- [mngsystem] [    Test worker] o.s.mock.web.MockServletContext          : Initializing Spring TestDispatcherServlet ''
2024-08-27T15:15:15.700+03:00  INFO 26840 --- [mngsystem] [    Test worker] o.s.t.web.servlet.TestDispatcherServlet  : Initializing Servlet ''
2024-08-27T15:15:15.700+03:00  INFO 26840 --- [mngsystem] [    Test worker] o.s.t.web.servlet.TestDispatcherServlet  : Completed initialization in 0 ms
]]></system-out>
  <system-err><![CDATA[]]></system-err>
</testsuite>
